<?xml version="1.0" encoding="UTF-8"?>
<!-- Generated by org.testng.reporters.JUnitXMLReporter -->
<testsuite ignored="4" hostname="FILT111" failures="0" tests="0" time="0.03" errors="0" timestamp="2023-07-18T10:36:30 IST">
  <testcase classname="Frontend_Testcases.AddToCart" name="configurableAddToCartListingPage" time="0.0">
    <ignored/>
  </testcase> <!-- configurableAddToCartListingPage -->
  <testcase classname="Frontend_Testcases.AddToCart" name="simpleProductAddToCartListingPage" time="0.0">
    <ignored/>
  </testcase> <!-- simpleProductAddToCartListingPage -->
  <testcase classname="Frontend_Testcases.AddToCart" name="configurableAddToCartProductDetailPage" time="0.0">
    <ignored/>
  </testcase> <!-- configurableAddToCartProductDetailPage -->
  <testcase classname="Frontend_Testcases.AddToCart" name="simpleProductAddToCartDetailPage" time="0.0">
    <ignored/>
  </testcase> <!-- simpleProductAddToCartDetailPage -->
</testsuite>
