<?xml version="1.0" encoding="UTF-8"?>
<!-- Generated by org.testng.reporters.JUnitXMLReporter -->
<testsuite ignored="0" hostname="FILT111" failures="0" tests="4" name="Invalid Username Valid Password" time="0.047" errors="0" timestamp="2023-08-07T12:16:48 IST">
  <testcase classname="TestBase.JohnsonBase" name="@BeforeSuite beforeSuite" time="0.516">
    <failure type="java.lang.NullPointerException" message="Cannot invoke &amp;quot;org.monte.media.MovieWriter.addTrack(org.monte.media.Format)&amp;quot; because &amp;quot;this.w&amp;quot; is null">
      <![CDATA[java.lang.NullPointerException: Cannot invoke "org.monte.media.MovieWriter.addTrack(org.monte.media.Format)" because "this.w" is null
at org.monte.screenrecorder.ScreenRecorder.createMovieWriter(ScreenRecorder.java:382)
at org.monte.screenrecorder.ScreenRecorder.start(ScreenRecorder.java:489)
at Recorder.MyScreenRecorder.startRecording(MyScreenRecorder.java:147)
at TestBase.JohnsonBase.beforeSuite(JohnsonBase.java:41)
... Removed 19 stack frames]]>
    </failure>
  </testcase> <!-- @BeforeSuite beforeSuite -->
  <testcase classname="TestBase.JohnsonBase" name="@AfterTest afterTest" time="-1.691390808305E9">
    <skipped/>
  </testcase> <!-- @AfterTest afterTest -->
  <testcase classname="Frontend_Testcases.LoginValidations" name="blankUsernameBlankPassword" time="0.0">
    <skipped/>
  </testcase> <!-- blankUsernameBlankPassword -->
  <testcase classname="Frontend_Testcases.LoginValidations" name="validUsernameInvalidPassword" time="0.0">
    <skipped/>
  </testcase> <!-- validUsernameInvalidPassword -->
  <testcase classname="Frontend_Testcases.LoginValidations" name="invalidUsernameValidPassword" time="0.0">
    <skipped/>
  </testcase> <!-- invalidUsernameValidPassword -->
  <testcase classname="Frontend_Testcases.LoginValidations" name="validUsernameValidPassword" time="0.0">
    <skipped/>
  </testcase> <!-- validUsernameValidPassword -->
</testsuite> <!-- Invalid Username Valid Password -->
