<?xml version="1.0" encoding="UTF-8"?>
<!-- Generated by org.testng.reporters.JUnitXMLReporter -->
<testsuite ignored="2" hostname="FILT111" failures="0" tests="1" name="Search Product Invalid" time="20.156" errors="0" timestamp="2023-08-05T12:41:47 IST">
  <testcase classname="Frontend_Testcases.SearchProduct" name="searchProductInvalid" time="20.082"/>
  <testcase classname="Frontend_Testcases.SearchProduct" name="searchProduct" time="0.0">
    <ignored/>
  </testcase> <!-- searchProduct -->
  <testcase classname="Frontend_Testcases.SearchProduct" name="searchProductValid" time="0.0">
    <ignored/>
  </testcase> <!-- searchProductValid -->
</testsuite> <!-- Search Product Invalid -->
