<?xml version="1.0" encoding="UTF-8"?>
<!-- Generated by org.testng.reporters.JUnitXMLReporter -->
<testsuite ignored="2" hostname="FILT111" failures="1" tests="1" name="Search Product Valid" time="16.739" errors="0" timestamp="2023-08-05T12:42:04 IST">
  <testcase classname="Frontend_Testcases.SearchProduct" name="searchProductValid" time="16.255">
    <failure type="java.lang.NullPointerException" message="Cannot invoke &amp;quot;org.openqa.selenium.WebElement.getText()&amp;quot; because &amp;quot;suggestion&amp;quot; is null">
      <![CDATA[java.lang.NullPointerException: Cannot invoke "org.openqa.selenium.WebElement.getText()" because "suggestion" is null
at Utility.ValidationKeyword.validateSearchBox(ValidationKeyword.java:626)
at Frontend_Testcases.SearchProduct.searchProductValid(SearchProduct.java:15)
at java.base/java.util.ArrayList.forEach(ArrayList.java:1511)
... Removed 27 stack frames]]>
    </failure>
  </testcase> <!-- searchProductValid -->
  <testcase classname="Frontend_Testcases.SearchProduct" name="searchProductInvalid" time="0.0">
    <ignored/>
  </testcase> <!-- searchProductInvalid -->
  <testcase classname="Frontend_Testcases.SearchProduct" name="searchProduct" time="0.0">
    <ignored/>
  </testcase> <!-- searchProduct -->
</testsuite> <!-- Search Product Valid -->
