<?xml version="1.0" encoding="UTF-8"?>
<!-- Generated by org.testng.reporters.JUnitXMLReporter -->
<testsuite ignored="2" hostname="FILT111" failures="0" tests="1" name="Search Product" time="5.502" errors="0" timestamp="2023-07-07T11:52:21 IST">
  <testcase classname="Frontend_Testcases.SearchProduct" name="searchProduct" time="5.455"/>
  <testcase classname="Frontend_Testcases.SearchProduct" name="searchProductInvalid" time="0.0">
    <ignored/>
  </testcase> <!-- searchProductInvalid -->
  <testcase classname="Frontend_Testcases.SearchProduct" name="searchProductValid" time="0.0">
    <ignored/>
  </testcase> <!-- searchProductValid -->
</testsuite> <!-- Search Product -->
