<?xml version="1.0" encoding="UTF-8"?>
<!-- Generated by org.testng.reporters.JUnitXMLReporter -->
<testsuite ignored="3" hostname="FILT111" failures="0" tests="1" name="Simple Product Add to Cart (Detail Page)" time="58.104" errors="0" timestamp="2023-08-07T19:08:38 IST">
  <testcase classname="Frontend_Testcases.AddToCart" name="simpleProductAddToCartDetailPage" time="58.022"/>
  <testcase classname="Frontend_Testcases.AddToCart" name="configurableAddToCartListingPage" time="0.0">
    <ignored/>
  </testcase> <!-- configurableAddToCartListingPage -->
  <testcase classname="Frontend_Testcases.AddToCart" name="simpleProductAddToCartListingPage" time="0.0">
    <ignored/>
  </testcase> <!-- simpleProductAddToCartListingPage -->
  <testcase classname="Frontend_Testcases.AddToCart" name="configurableAddToCartProductDetailPage" time="0.0">
    <ignored/>
  </testcase> <!-- configurableAddToCartProductDetailPage -->
</testsuite> <!-- Simple Product Add to Cart (Detail Page) -->
