<?xml version="1.0" encoding="UTF-8"?>
<!-- Generated by org.testng.reporters.JUnitXMLReporter -->
<testsuite ignored="3" hostname="FILT111" failures="0" tests="1" name="Simple Product Add to Cart (Listing Page)" time="41.819" errors="0" timestamp="2023-08-07T19:07:40 IST">
  <testcase classname="Frontend_Testcases.AddToCart" name="simpleProductAddToCartListingPage" time="41.74"/>
  <testcase classname="Frontend_Testcases.AddToCart" name="configurableAddToCartListingPage" time="0.0">
    <ignored/>
  </testcase> <!-- configurableAddToCartListingPage -->
  <testcase classname="Frontend_Testcases.AddToCart" name="configurableAddToCartProductDetailPage" time="0.0">
    <ignored/>
  </testcase> <!-- configurableAddToCartProductDetailPage -->
  <testcase classname="Frontend_Testcases.AddToCart" name="simpleProductAddToCartDetailPage" time="0.0">
    <ignored/>
  </testcase> <!-- simpleProductAddToCartDetailPage -->
</testsuite> <!-- Simple Product Add to Cart (Listing Page) -->
