<?xml version="1.0" encoding="UTF-8"?>
<!-- Generated by org.testng.reporters.JUnitXMLReporter -->
<testsuite ignored="1" hostname="FILT111" failures="0" tests="1" name="Upload Inventory" time="23.684" errors="0" timestamp="2023-07-18T14:32:28 IST">
  <testcase classname="Backend_Testcases.InventoryManagement" name="checkInventory" time="23.62"/>
  <testcase classname="Backend_Testcases.InventoryManagement" name="inventoryUpload" time="0.0">
    <ignored/>
  </testcase> <!-- inventoryUpload -->
</testsuite> <!-- Upload Inventory -->
