<?xml version="1.0" encoding="UTF-8"?>
<!-- Generated by org.testng.reporters.JUnitXMLReporter -->
<testsuite ignored="0" hostname="FILT111" failures="0" tests="2" name="User Registration" time="84.497" errors="0" timestamp="2023-08-07T18:05:19 IST">
  <testcase classname="Frontend_Testcases.UserRegistration" name="userRegistrationErrorMessageValidation" time="46.312"/>
  <testcase classname="Frontend_Testcases.UserRegistration" name="userRegistration" time="38.084"/>
</testsuite> <!-- User Registration -->
